<?xml version="1.0" encoding="UTF-8"?>
<!-- Generated by org.testng.reporters.JUnitReportReporter -->
<testsuite hostname="HP" failures="0" tests="1" name="com.test.pack.NewTest" time="8.841" errors="0" timestamp="09 May 2021 00:12:55 GMT" skipped="0">
  <testcase classname="com.test.pack.NewTest" name="f" time="8.841"/>
</testsuite> <!-- com.test.pack.NewTest -->
